Start testing: Aug 15 17:20 CEST
----------------------------------------------------------
1/5 Testing: unit_tests
1/5 Test: unit_tests
Command: "/Users/prashant/Documents/In_memory_database/inmemory_db/build/tests/imdb_tests"
Directory: /Users/prashant/Documents/In_memory_database/inmemory_db/build
"unit_tests" start time: Aug 15 17:20 CEST
Output:
----------------------------------------------------------
Randomness seeded to: 2830822405
===============================================================================
All tests passed (3 assertions in 1 test case)

<end of output>
Test time =   0.25 sec
----------------------------------------------------------
Test Passed.
"unit_tests" end time: Aug 15 17:20 CEST
"unit_tests" time elapsed: 00:00:00
----------------------------------------------------------

2/5 Testing: cli_import_count
2/5 Test: cli_import_count
Command: "/bin/bash" "-lc" "printf '%s
' 'CREATE TABLE new_house' 'ADD COLUMN new_house id INT' 'ADD COLUMN new_house address TEXT' 'ADD COLUMN new_house city TEXT' 'ADD COLUMN new_house price INT' 'ADD COLUMN new_house bedrooms INT' 'IMPORT CSV new_house sample/new_house.csv HEADER' 'SELECT ALL new_house' 'PRINT TABLE new_house' 'EXIT' | /Users/prashant/Documents/In_memory_database/inmemory_db/build/bin/inmemory_db"
Directory: /Users/prashant/Documents/In_memory_database/inmemory_db/build
"cli_import_count" start time: Aug 15 17:20 CEST
Output:
----------------------------------------------------------

=============================================
  In-Memory Database CLI
  Type HELP for commands, EXIT to quit
=============================================

Type HELP to see commands.

> OK
> OK
> OK
> OK
> OK
> OK
> IMPORTED 3
>                 id |            address |               city |              price |           bedrooms
-------------------+--------------------+--------------------+--------------------+-------------------
                 1 |          12 Oak St |           San Jose |             900000 |                  3
                 2 |        55 Pine Ave |          San Mateo |             750000 |                  2
                 3 |        88 River Rd |          Sunnyvale |            1200000 |                  4

Rows: 3

> 
=== Table: new_house ===
                id |            address |               city |              price |           bedrooms
-------------------+--------------------+--------------------+--------------------+-------------------
                 1 |          12 Oak St |           San Jose |             900000 |                  3
                 2 |        55 Pine Ave |          San Mateo |             750000 |                  2
                 3 |        88 River Rd |          Sunnyvale |            1200000 |                  4

Rows: 3

> Goodbye!
<end of output>
Test time =   0.26 sec
----------------------------------------------------------
Test Pass Reason:
Required regular expression found. Regex=[IMPORTED 3]
"cli_import_count" end time: Aug 15 17:20 CEST
"cli_import_count" time elapsed: 00:00:00
----------------------------------------------------------

3/5 Testing: cli_rows_after_import
3/5 Test: cli_rows_after_import
Command: "/bin/bash" "-lc" "printf '%s
' 'CREATE TABLE new_house' 'ADD COLUMN new_house id INT' 'ADD COLUMN new_house address TEXT' 'ADD COLUMN new_house city TEXT' 'ADD COLUMN new_house price INT' 'ADD COLUMN new_house bedrooms INT' 'IMPORT CSV new_house sample/new_house.csv HEADER' 'SELECT ALL new_house' 'EXIT' | /Users/prashant/Documents/In_memory_database/inmemory_db/build/bin/inmemory_db"
Directory: /Users/prashant/Documents/In_memory_database/inmemory_db/build
"cli_rows_after_import" start time: Aug 15 17:20 CEST
Output:
----------------------------------------------------------

=============================================
  In-Memory Database CLI
  Type HELP for commands, EXIT to quit
=============================================

Type HELP to see commands.

> OK
> OK
> OK
> OK
> OK
> OK
> IMPORTED 3
>                 id |            address |               city |              price |           bedrooms
-------------------+--------------------+--------------------+--------------------+-------------------
                 1 |          12 Oak St |           San Jose |             900000 |                  3
                 2 |        55 Pine Ave |          San Mateo |             750000 |                  2
                 3 |        88 River Rd |          Sunnyvale |            1200000 |                  4

Rows: 3

> Goodbye!
<end of output>
Test time =   0.01 sec
----------------------------------------------------------
Test Pass Reason:
Required regular expression found. Regex=[Rows: 3]
"cli_rows_after_import" end time: Aug 15 17:20 CEST
"cli_rows_after_import" time elapsed: 00:00:00
----------------------------------------------------------

4/5 Testing: cli_update
4/5 Test: cli_update
Command: "/bin/bash" "-lc" "printf '%s
' 'CREATE TABLE new_house' 'ADD COLUMN new_house id INT' 'ADD COLUMN new_house address TEXT' 'ADD COLUMN new_house city TEXT' 'ADD COLUMN new_house price INT' 'ADD COLUMN new_house bedrooms INT' 'IMPORT CSV new_house sample/new_house.csv HEADER' 'UPDATE new_house city Sunnyvale price 1000000' 'EXIT' | /Users/prashant/Documents/In_memory_database/inmemory_db/build/bin/inmemory_db"
Directory: /Users/prashant/Documents/In_memory_database/inmemory_db/build
"cli_update" start time: Aug 15 17:20 CEST
Output:
----------------------------------------------------------

=============================================
  In-Memory Database CLI
  Type HELP for commands, EXIT to quit
=============================================

Type HELP to see commands.

> OK
> OK
> OK
> OK
> OK
> OK
> IMPORTED 3
> UPDATED 1
> Goodbye!
<end of output>
Test time =   0.01 sec
----------------------------------------------------------
Test Pass Reason:
Required regular expression found. Regex=[UPDATED 1]
"cli_update" end time: Aug 15 17:20 CEST
"cli_update" time elapsed: 00:00:00
----------------------------------------------------------

5/5 Testing: cli_delete
5/5 Test: cli_delete
Command: "/bin/bash" "-lc" "printf '%s
' 'CREATE TABLE new_house' 'ADD COLUMN new_house id INT' 'ADD COLUMN new_house address TEXT' 'ADD COLUMN new_house city TEXT' 'ADD COLUMN new_house price INT' 'ADD COLUMN new_house bedrooms INT' 'IMPORT CSV new_house sample/new_house.csv HEADER' 'DELETE FROM new_house id 2' 'EXIT' | /Users/prashant/Documents/In_memory_database/inmemory_db/build/bin/inmemory_db"
Directory: /Users/prashant/Documents/In_memory_database/inmemory_db/build
"cli_delete" start time: Aug 15 17:20 CEST
Output:
----------------------------------------------------------

=============================================
  In-Memory Database CLI
  Type HELP for commands, EXIT to quit
=============================================

Type HELP to see commands.

> OK
> OK
> OK
> OK
> OK
> OK
> IMPORTED 3
> DELETED 1
> Goodbye!
<end of output>
Test time =   0.01 sec
----------------------------------------------------------
Test Pass Reason:
Required regular expression found. Regex=[DELETED 1]
"cli_delete" end time: Aug 15 17:20 CEST
"cli_delete" time elapsed: 00:00:00
----------------------------------------------------------

End testing: Aug 15 17:20 CEST
